=== Лог весового прибора ===
Начало записи: 2025-05-24 11:59:02
==============================

[11:59:06] Найдены порты: COM1, COM2, COM4
[11:59:11] Попытка подключения к COM4
[11:59:11] Параметры: 9600 бод, 8 бит, N, 1.0 стоп-бит
[11:59:11] Подключено к COM4
[11:59:27] Отключено от весового прибора
[11:59:31] Попытка подключения к COM4
[11:59:31] Параметры: 9600 бод, 8 бит, N, 1.0 стоп-бит
[11:59:31] Подключено к COM4
[11:59:31] Отправлен запрос веса (двоичный формат)
[11:59:31] Отправлена команда: Z
[11:59:31] Отправлена команда: ?
[11:59:31] Ошибка отправки запроса веса: Write timeout
[11:59:31] Отправлена команда: P
[11:59:31] Отправлен запрос веса (двоичный формат)
[11:59:31] Отправлен запрос веса (двоичный формат)
[11:59:31] Отправлен запрос веса (двоичный формат)
[11:59:31] Отправлен запрос веса (двоичный формат)
[11:59:32] Отправлен запрос веса (двоичный формат)
[11:59:32] Отправлен запрос веса (двоичный формат)
[11:59:32] Отправлен запрос веса (двоичный формат)
[11:59:32] Отправлен запрос веса (двоичный формат)
[11:59:32] Отправлен запрос веса (двоичный формат)
[11:59:32] Отправлен запрос веса (двоичный формат)
[11:59:32] Отправлен запрос веса (двоичный формат)
[11:59:32] Отправлен запрос веса (двоичный формат)
[11:59:32] Отправлен запрос веса (двоичный формат)
[11:59:32] Отправлен запрос веса (двоичный формат)
[11:59:33] Отправлен запрос веса (двоичный формат)
[11:59:33] Отправлен запрос веса (двоичный формат)
[11:59:33] Отправлен запрос веса (двоичный формат)
[11:59:33] Отправлен запрос веса (двоичный формат)
[11:59:33] Отправлен запрос веса (двоичный формат)
[11:59:33] Отправлен запрос веса (двоичный формат)
[11:59:33] Отправлен запрос веса (двоичный формат)
[11:59:33] Отправлен запрос веса (двоичный формат)
[11:59:33] Отправлен запрос веса (двоичный формат)
[11:59:34] Отправлен запрос веса (двоичный формат)
[11:59:34] Отправлен запрос веса (двоичный формат)
[11:59:34] Отправлен запрос веса (двоичный формат)
[11:59:34] Отправлен запрос веса (двоичный формат)
[11:59:34] Отправлен запрос веса (двоичный формат)
[11:59:34] Отправлен запрос веса (двоичный формат)
[11:59:34] Отправлен запрос веса (двоичный формат)
[11:59:34] Отправлен запрос веса (двоичный формат)
[11:59:34] Отправлен запрос веса (двоичный формат)
[11:59:34] Отправлен запрос веса (двоичный формат)
[11:59:35] Отправлен запрос веса (двоичный формат)
[11:59:35] Отправлен запрос веса (двоичный формат)
[11:59:35] Отправлен запрос веса (двоичный формат)
[11:59:35] Отправлен запрос веса (двоичный формат)
[11:59:35] Отправлен запрос веса (двоичный формат)
[11:59:35] Отправлен запрос веса (двоичный формат)
[11:59:35] Отправлен запрос веса (двоичный формат)
[11:59:35] Отправлен запрос веса (двоичный формат)
[11:59:35] Отправлен запрос веса (двоичный формат)
[11:59:35] Отправлен запрос веса (двоичный формат)
[11:59:36] Отправлен запрос веса (двоичный формат)
[11:59:36] Отправлен запрос веса (двоичный формат)
[11:59:36] Отправлен запрос веса (двоичный формат)
[11:59:36] Отправлен запрос веса (двоичный формат)
[11:59:36] Отправлен запрос веса (двоичный формат)
[11:59:36] Отправлен запрос веса (двоичный формат)
[11:59:36] Отправлен запрос веса (двоичный формат)
[11:59:36] Отправлен запрос веса (двоичный формат)
[11:59:36] Отправлен запрос веса (двоичный формат)
[11:59:36] Отправлен запрос веса (двоичный формат)
[11:59:37] Отправлен запрос веса (двоичный формат)
[11:59:37] Отправлен запрос веса (двоичный формат)
[11:59:37] Отправлен запрос веса (двоичный формат)
[11:59:37] Отправлен запрос веса (двоичный формат)
[11:59:37] Отправлен запрос веса (двоичный формат)
[11:59:37] Отправлен запрос веса (двоичный формат)
[11:59:37] Отправлен запрос веса (двоичный формат)
[11:59:37] Отправлен запрос веса (двоичный формат)
[11:59:37] Отправлен запрос веса (двоичный формат)
[11:59:37] Отправлен запрос веса (двоичный формат)
[11:59:38] Отправлен запрос веса (двоичный формат)
[11:59:38] Отправлен запрос веса (двоичный формат)
[11:59:38] Отправлен запрос веса (двоичный формат)
[11:59:38] Отправлен запрос веса (двоичный формат)
[11:59:38] Отправлен запрос веса (двоичный формат)
[11:59:38] Отправлен запрос веса (двоичный формат)
[11:59:38] Отправлен запрос веса (двоичный формат)
[11:59:38] Отправлен запрос веса (двоичный формат)
[11:59:38] Отправлен запрос веса (двоичный формат)
[11:59:38] Отправлен запрос веса (двоичный формат)
[11:59:39] Отправлен запрос веса (двоичный формат)
[11:59:39] Отправлен запрос веса (двоичный формат)
[11:59:39] Отправлен запрос веса (двоичный формат)
[11:59:39] Отправлен запрос веса (двоичный формат)
[11:59:39] Отправлен запрос веса (двоичный формат)
[11:59:39] Отправлен запрос веса (двоичный формат)
[11:59:39] Отправлен запрос веса (двоичный формат)
[11:59:39] Отправлен запрос веса (двоичный формат)
[11:59:39] Отправлен запрос веса (двоичный формат)
[11:59:39] Отправлен запрос веса (двоичный формат)
[11:59:40] Отправлен запрос веса (двоичный формат)
[11:59:40] Отправлен запрос веса (двоичный формат)
[11:59:40] Отправлен запрос веса (двоичный формат)
[11:59:40] Отправлен запрос веса (двоичный формат)
[11:59:40] Отправлен запрос веса (двоичный формат)
[11:59:40] Отправлен запрос веса (двоичный формат)
[11:59:40] Отправлен запрос веса (двоичный формат)
[11:59:40] Отправлен запрос веса (двоичный формат)
[11:59:40] Отправлен запрос веса (двоичный формат)
[11:59:40] Отправлен запрос веса (двоичный формат)
[11:59:41] Отправлен запрос веса (двоичный формат)
[11:59:41] Отправлен запрос веса (двоичный формат)
[11:59:41] Отправлен запрос веса (двоичный формат)
[11:59:41] Отправлен запрос веса (двоичный формат)
[11:59:41] Отправлен запрос веса (двоичный формат)
[11:59:41] Отправлен запрос веса (двоичный формат)
[11:59:41] Отправлен запрос веса (двоичный формат)
[11:59:41] Отправлен запрос веса (двоичный формат)
[11:59:41] Отправлен запрос веса (двоичный формат)
[11:59:41] Отключено от весового прибора
[11:59:44] Завершение работы программы...
