=== Лог весового прибора ===
Начало записи: 2025-05-24 11:45:26
==============================

[11:45:29] Найдены порты: COM1, COM2, COM4
[11:45:39] Попытка подключения к COM4
[11:45:39] Параметры: 9600 бод, 8 бит, N, 1.0 стоп-бит
[11:45:39] Подключено к COM4
[11:45:43] Отключено от весового прибора
[11:45:48] Попытка подключения к COM4
[11:45:48] Параметры: 9600 бод, 8 бит, N, 1.0 стоп-бит
[11:45:48] Подключено к COM4
[11:45:48] Отправлен запрос веса (P)
[11:45:48] Отправлена команда: Z
[11:45:48] Отправлен запрос веса (P)
[11:45:48] Отправлена команда: ?
[11:45:48] Отправлена команда: P
[11:45:48] Отправлен запрос веса (P)
[11:45:48] Отправлен запрос веса (P)
[11:45:48] Отправлен запрос веса (P)
[11:45:48] Отправлен запрос веса (P)
[11:45:48] Отправлен запрос веса (P)
[11:45:48] Отправлен запрос веса (P)
[11:45:48] Отправлен запрос веса (P)
[11:45:48] Отправлен запрос веса (P)
[11:45:49] Отправлен запрос веса (P)
[11:45:49] Отправлен запрос веса (P)
[11:45:49] Отправлен запрос веса (P)
[11:45:49] Отправлен запрос веса (P)
[11:45:49] Отправлен запрос веса (P)
[11:45:49] Отправлен запрос веса (P)
[11:45:49] Отправлен запрос веса (P)
[11:45:49] Отправлен запрос веса (P)
[11:45:49] Отправлен запрос веса (P)
[11:45:49] Отправлен запрос веса (P)
[11:45:50] Отправлен запрос веса (P)
[11:45:50] Отправлен запрос веса (P)
[11:45:50] Отправлен запрос веса (P)
[11:45:50] Отправлен запрос веса (P)
[11:45:50] Отправлен запрос веса (P)
[11:45:50] Отправлен запрос веса (P)
[11:45:50] Отправлен запрос веса (P)
[11:45:50] Отправлен запрос веса (P)
[11:45:50] Отправлен запрос веса (P)
[11:45:50] Отправлен запрос веса (P)
[11:45:51] Отправлен запрос веса (P)
[11:45:51] Отправлен запрос веса (P)
[11:45:51] Отправлен запрос веса (P)
[11:45:51] Отправлен запрос веса (P)
[11:45:51] Отправлен запрос веса (P)
[11:45:51] Отправлен запрос веса (P)
[11:45:51] Отправлен запрос веса (P)
[11:45:51] Отправлен запрос веса (P)
[11:45:51] Отправлен запрос веса (P)
[11:45:51] Отправлен запрос веса (P)
[11:45:52] Отправлен запрос веса (P)
[11:45:52] Отправлен запрос веса (P)
[11:45:52] Отправлен запрос веса (P)
[11:45:52] Отправлен запрос веса (P)
[11:45:52] Отправлен запрос веса (P)
[11:45:52] Отправлен запрос веса (P)
[11:45:52] Отправлен запрос веса (P)
[11:45:52] Отправлен запрос веса (P)
[11:45:52] Отправлен запрос веса (P)
[11:45:52] Отправлен запрос веса (P)
[11:45:53] Отправлен запрос веса (P)
[11:45:53] Отправлен запрос веса (P)
[11:45:53] Отправлен запрос веса (P)
[11:45:53] Отправлен запрос веса (P)
[11:45:53] Отправлен запрос веса (P)
[11:45:53] Отправлен запрос веса (P)
[11:45:53] Отправлен запрос веса (P)
[11:45:53] Отправлен запрос веса (P)
[11:45:53] Отправлен запрос веса (P)
[11:45:53] Отправлен запрос веса (P)
[11:45:54] Отправлен запрос веса (P)
[11:45:54] Отправлен запрос веса (P)
[11:45:54] Отправлен запрос веса (P)
[11:45:54] Отправлен запрос веса (P)
[11:45:54] Отправлен запрос веса (P)
[11:45:54] Отправлен запрос веса (P)
[11:45:54] Отправлен запрос веса (P)
[11:45:54] Отправлен запрос веса (P)
[11:45:54] Отправлен запрос веса (P)
[11:45:55] Отправлен запрос веса (P)
[11:45:55] Отправлен запрос веса (P)
[11:45:55] Отправлен запрос веса (P)
[11:45:55] Отправлен запрос веса (P)
[11:45:55] Отправлен запрос веса (P)
[11:45:55] Отправлен запрос веса (P)
[11:45:55] Отключено от весового прибора
[11:45:59] Завершение работы программы...
